<?xml version="1.0" encoding="UTF-8"?>
<testsuite xmlns:xsi="http://www.w3.org/2001/XMLSchema-instance" xsi:noNamespaceSchemaLocation="https://maven.apache.org/surefire/maven-surefire-plugin/xsd/surefire-test-report-3.0.xsd" version="3.0" name="nl.han.aim.oose.dea.resource.PlaylistResourceTest" time="0.134" tests="7" errors="0" skipped="0" failures="0">
  <properties>
[...]
</properties>
  <testcase name="testEditPlaylistGeeft200Terug" classname="nl.han.aim.oose.dea.resource.PlaylistResourceTest" time="0.103"/>
  <testcase name="testGetTracksForPlaylistGeeft200Terug" classname="nl.han.aim.oose.dea.resource.PlaylistResourceTest" time="0"/>
  <testcase name="testAddPlaylistGeeft201Terug" classname="nl.han.aim.oose.dea.resource.PlaylistResourceTest" time="0.012"/>
  <testcase name="testAddTrackToPlaylistGeeft201Terug" classname="nl.han.aim.oose.dea.resource.PlaylistResourceTest" time="0.003"/>
  <testcase name="testDeletePlaylistGeeft200Terug" classname="nl.han.aim.oose.dea.resource.PlaylistResourceTest" time="0"/>
  <testcase name="testRemoveTrackFromPlaylistGeeft200Terug" classname="nl.han.aim.oose.dea.resource.PlaylistResourceTest" time="0"/>
  <testcase name="testGetAllPlaylistsGeeft200Terug" classname="nl.han.aim.oose.dea.resource.PlaylistResourceTest" time="0.014"/>
</testsuite>